Determining if the Q_WS_WIN exist failed with the following output:
Change Dir: /media/alex/Data/Master/SHK/vtk_scripts/chimney_viewer/src/CMakeFiles/CMakeTmp

Run Build Command:/usr/bin/make "cmTryCompileExec4177486465/fast"
/usr/bin/make -f CMakeFiles/cmTryCompileExec4177486465.dir/build.make CMakeFiles/cmTryCompileExec4177486465.dir/build
make[1]: Entering directory `/media/alex/Data/Master/SHK/vtk_scripts/chimney_viewer/src/CMakeFiles/CMakeTmp'
/usr/bin/cmake -E cmake_progress_report /media/alex/Data/Master/SHK/vtk_scripts/chimney_viewer/src/CMakeFiles/CMakeTmp/CMakeFiles 1
Building CXX object CMakeFiles/cmTryCompileExec4177486465.dir/CheckSymbolExists.cxx.o
/usr/bin/c++    -Wno-deprecated  -I/usr/include/qt4    -o CMakeFiles/cmTryCompileExec4177486465.dir/CheckSymbolExists.cxx.o -c /media/alex/Data/Master/SHK/vtk_scripts/chimney_viewer/src/CMakeFiles/CMakeTmp/CheckSymbolExists.cxx
/media/alex/Data/Master/SHK/vtk_scripts/chimney_viewer/src/CMakeFiles/CMakeTmp/CheckSymbolExists.cxx: In function ‘int main(int, char**)’:
/media/alex/Data/Master/SHK/vtk_scripts/chimney_viewer/src/CMakeFiles/CMakeTmp/CheckSymbolExists.cxx:8:19: error: ‘Q_WS_WIN’ was not declared in this scope
   return ((int*)(&Q_WS_WIN))[argc];
                   ^
make[1]: *** [CMakeFiles/cmTryCompileExec4177486465.dir/CheckSymbolExists.cxx.o] Error 1
make[1]: Leaving directory `/media/alex/Data/Master/SHK/vtk_scripts/chimney_viewer/src/CMakeFiles/CMakeTmp'
make: *** [cmTryCompileExec4177486465/fast] Error 2

File /media/alex/Data/Master/SHK/vtk_scripts/chimney_viewer/src/CMakeFiles/CMakeTmp/CheckSymbolExists.cxx:
/* */
#include <QtCore/qglobal.h>

int main(int argc, char** argv)
{
  (void)argv;
#ifndef Q_WS_WIN
  return ((int*)(&Q_WS_WIN))[argc];
#else
  (void)argc;
  return 0;
#endif
}

Determining if the Q_WS_QWS exist failed with the following output:
Change Dir: /media/alex/Data/Master/SHK/vtk_scripts/chimney_viewer/src/CMakeFiles/CMakeTmp

Run Build Command:/usr/bin/make "cmTryCompileExec2427945592/fast"
/usr/bin/make -f CMakeFiles/cmTryCompileExec2427945592.dir/build.make CMakeFiles/cmTryCompileExec2427945592.dir/build
make[1]: Entering directory `/media/alex/Data/Master/SHK/vtk_scripts/chimney_viewer/src/CMakeFiles/CMakeTmp'
/usr/bin/cmake -E cmake_progress_report /media/alex/Data/Master/SHK/vtk_scripts/chimney_viewer/src/CMakeFiles/CMakeTmp/CMakeFiles 1
Building CXX object CMakeFiles/cmTryCompileExec2427945592.dir/CheckSymbolExists.cxx.o
/usr/bin/c++    -Wno-deprecated  -I/usr/include/qt4    -o CMakeFiles/cmTryCompileExec2427945592.dir/CheckSymbolExists.cxx.o -c /media/alex/Data/Master/SHK/vtk_scripts/chimney_viewer/src/CMakeFiles/CMakeTmp/CheckSymbolExists.cxx
/media/alex/Data/Master/SHK/vtk_scripts/chimney_viewer/src/CMakeFiles/CMakeTmp/CheckSymbolExists.cxx: In function ‘int main(int, char**)’:
/media/alex/Data/Master/SHK/vtk_scripts/chimney_viewer/src/CMakeFiles/CMakeTmp/CheckSymbolExists.cxx:8:19: error: ‘Q_WS_QWS’ was not declared in this scope
   return ((int*)(&Q_WS_QWS))[argc];
                   ^
make[1]: *** [CMakeFiles/cmTryCompileExec2427945592.dir/CheckSymbolExists.cxx.o] Error 1
make[1]: Leaving directory `/media/alex/Data/Master/SHK/vtk_scripts/chimney_viewer/src/CMakeFiles/CMakeTmp'
make: *** [cmTryCompileExec2427945592/fast] Error 2

File /media/alex/Data/Master/SHK/vtk_scripts/chimney_viewer/src/CMakeFiles/CMakeTmp/CheckSymbolExists.cxx:
/* */
#include <QtCore/qglobal.h>

int main(int argc, char** argv)
{
  (void)argv;
#ifndef Q_WS_QWS
  return ((int*)(&Q_WS_QWS))[argc];
#else
  (void)argc;
  return 0;
#endif
}

Determining if the Q_WS_MAC exist failed with the following output:
Change Dir: /media/alex/Data/Master/SHK/vtk_scripts/chimney_viewer/src/CMakeFiles/CMakeTmp

Run Build Command:/usr/bin/make "cmTryCompileExec3207686140/fast"
/usr/bin/make -f CMakeFiles/cmTryCompileExec3207686140.dir/build.make CMakeFiles/cmTryCompileExec3207686140.dir/build
make[1]: Entering directory `/media/alex/Data/Master/SHK/vtk_scripts/chimney_viewer/src/CMakeFiles/CMakeTmp'
/usr/bin/cmake -E cmake_progress_report /media/alex/Data/Master/SHK/vtk_scripts/chimney_viewer/src/CMakeFiles/CMakeTmp/CMakeFiles 1
Building CXX object CMakeFiles/cmTryCompileExec3207686140.dir/CheckSymbolExists.cxx.o
/usr/bin/c++    -Wno-deprecated  -I/usr/include/qt4    -o CMakeFiles/cmTryCompileExec3207686140.dir/CheckSymbolExists.cxx.o -c /media/alex/Data/Master/SHK/vtk_scripts/chimney_viewer/src/CMakeFiles/CMakeTmp/CheckSymbolExists.cxx
/media/alex/Data/Master/SHK/vtk_scripts/chimney_viewer/src/CMakeFiles/CMakeTmp/CheckSymbolExists.cxx: In function ‘int main(int, char**)’:
/media/alex/Data/Master/SHK/vtk_scripts/chimney_viewer/src/CMakeFiles/CMakeTmp/CheckSymbolExists.cxx:8:19: error: ‘Q_WS_MAC’ was not declared in this scope
   return ((int*)(&Q_WS_MAC))[argc];
                   ^
make[1]: *** [CMakeFiles/cmTryCompileExec3207686140.dir/CheckSymbolExists.cxx.o] Error 1
make[1]: Leaving directory `/media/alex/Data/Master/SHK/vtk_scripts/chimney_viewer/src/CMakeFiles/CMakeTmp'
make: *** [cmTryCompileExec3207686140/fast] Error 2

File /media/alex/Data/Master/SHK/vtk_scripts/chimney_viewer/src/CMakeFiles/CMakeTmp/CheckSymbolExists.cxx:
/* */
#include <QtCore/qglobal.h>

int main(int argc, char** argv)
{
  (void)argv;
#ifndef Q_WS_MAC
  return ((int*)(&Q_WS_MAC))[argc];
#else
  (void)argc;
  return 0;
#endif
}

